Determining if the pthread_create exist failed with the following output:
Change Dir: /home/qiudan/lishikai/corr_tf/a/CMakeFiles/CMakeTmp

Run Build Command:"/usr/bin/gmake" "cmTC_44058/fast"
/usr/bin/gmake -f CMakeFiles/cmTC_44058.dir/build.make CMakeFiles/cmTC_44058.dir/build
gmake[1]: Entering directory `/home/qiudan/lishikai/corr_tf/a/CMakeFiles/CMakeTmp'
Building C object CMakeFiles/cmTC_44058.dir/CheckSymbolExists.c.o
/usr/bin/cc    -fPIC    -o CMakeFiles/cmTC_44058.dir/CheckSymbolExists.c.o   -c /home/qiudan/lishikai/corr_tf/a/CMakeFiles/CMakeTmp/CheckSymbolExists.c
Linking C executable cmTC_44058
/usr/local/bin/cmake -E cmake_link_script CMakeFiles/cmTC_44058.dir/link.txt --verbose=1
/usr/bin/cc  -fPIC     CMakeFiles/cmTC_44058.dir/CheckSymbolExists.c.o  -o cmTC_44058 -rdynamic 
CMakeFiles/cmTC_44058.dir/CheckSymbolExists.c.o: In function `main':
CheckSymbolExists.c:(.text+0x1b): undefined reference to `pthread_create'
collect2: error: ld returned 1 exit status
gmake[1]: *** [cmTC_44058] Error 1
gmake[1]: Leaving directory `/home/qiudan/lishikai/corr_tf/a/CMakeFiles/CMakeTmp'
gmake: *** [cmTC_44058/fast] Error 2

File /home/qiudan/lishikai/corr_tf/a/CMakeFiles/CMakeTmp/CheckSymbolExists.c:
/* */
#include <pthread.h>

int main(int argc, char** argv)
{
  (void)argv;
#ifndef pthread_create
  return ((int*)(&pthread_create))[argc];
#else
  (void)argc;
  return 0;
#endif
}

Determining if the function pthread_create exists in the pthreads failed with the following output:
Change Dir: /home/qiudan/lishikai/corr_tf/a/CMakeFiles/CMakeTmp

Run Build Command:"/usr/bin/gmake" "cmTC_47d3a/fast"
/usr/bin/gmake -f CMakeFiles/cmTC_47d3a.dir/build.make CMakeFiles/cmTC_47d3a.dir/build
gmake[1]: Entering directory `/home/qiudan/lishikai/corr_tf/a/CMakeFiles/CMakeTmp'
Building C object CMakeFiles/cmTC_47d3a.dir/CheckFunctionExists.c.o
/usr/bin/cc    -fPIC -DCHECK_FUNCTION_EXISTS=pthread_create   -o CMakeFiles/cmTC_47d3a.dir/CheckFunctionExists.c.o   -c /usr/local/share/cmake-3.6/Modules/CheckFunctionExists.c
Linking C executable cmTC_47d3a
/usr/local/bin/cmake -E cmake_link_script CMakeFiles/cmTC_47d3a.dir/link.txt --verbose=1
/usr/bin/cc  -fPIC -DCHECK_FUNCTION_EXISTS=pthread_create    CMakeFiles/cmTC_47d3a.dir/CheckFunctionExists.c.o  -o cmTC_47d3a -rdynamic -lpthreads 
/usr/bin/ld: cannot find -lpthreads
collect2: error: ld returned 1 exit status
gmake[1]: *** [cmTC_47d3a] Error 1
gmake[1]: Leaving directory `/home/qiudan/lishikai/corr_tf/a/CMakeFiles/CMakeTmp'
gmake: *** [cmTC_47d3a/fast] Error 2


